Arguments: 
  C:\Program Files\nodejs\node.exe C:\Users\chris\AppData\Roaming\npm\node_modules\yarn\bin\yarn.js init

PATH: 
  C:\Program Files\Docker\Docker\Resources\bin;C:\Program Files (x86)\Common Files\Oracle\Java\javapath;C:\Windows\system32;C:\Windows;C:\Windows\System32\Wbem;C:\Windows\System32\WindowsPowerShell\v1.0\;C:\Windows\System32\OpenSSH\;C:\Program Files\Microsoft VS Code\bin;C:\Program Files\Git\cmd;C:\Program Files\dotnet\;C:\Program Files\Microsoft SQL Server\130\Tools\Binn\;C:\Program Files\nodejs\;C:\Gradle;C:\sdk-tools-windows-4333796\tools;C:\sdk-tools-windows-4333796\tools\bin;C:\Users\chris\AppData\Local\Android\Sdk;C:\Users\chris\AppData\Local\Android\Sdk\tools;C:\Users\chris\AppData\Local\Android\Sdk\platform-tools;C:\Users\chris\AppData\Local\Android\Sdk\tools\bin;C:\Users\chris\AppData\Local\Android\Sdk\build-tools\28.0.2;C:\Users\chris\AppData\Local\Android\Sdk\tools;C:\Users\chris\AppData\Local\Android\Sdk\platform-tools;C:\Users\chris\AppData\Local\Microsoft\WindowsApps;C:\Users\chris\AppData\Roaming\npm;C:\Users\chris\AppData\Local\Google\Cloud SDK\google-cloud-sdk\bin;C:\Users\chris\cmd;C:\Users\chris\.dotnet\tools;C:\Program Files\PostgreSQL\10\bin\;C:\Users\chris\AppData\Local\Programs\Microsoft VS Code\bin;C:\sdk-tools-windows-4333796;C:\sdk-tools-windows-4333796\tools;

Yarn version: 
  1.9.4

Node version: 
  8.11.3

Platform: 
  win32 x64

Trace: 
  Error: canceled
      at Interface.<anonymous> (C:\Users\chris\AppData\Roaming\npm\node_modules\yarn\lib\cli.js:126002:13)
      at emitNone (events.js:106:13)
      at Interface.emit (events.js:208:7)
      at Interface._ttyWrite (readline.js:774:16)
      at ReadStream.onkeypress (readline.js:158:10)
      at emitTwo (events.js:126:13)
      at ReadStream.emit (events.js:214:7)
      at emitKeys (internal/readline.js:420:14)
      at emitKeys.next (<anonymous>)
      at ReadStream.onData (readline.js:1010:36)

npm manifest: 
  {
      "name": "capturesdk-cordova-examples",
      "version": "1.0.0",
      "description": "Socket Mobile Capture SDK Cordova Plugin Examples",    
      "cordova": {
        "id": "capturesdk-cordova-examples",
        "platforms": [
          "android",
          "ios"
        ]
      },
      "repository": {
        "type": "git",
        "url": "https://github.com/cvanem/capturesdk-cordova"
      },    
      "keywords": [
        "cordova",
        "capture sdk",
        "ecosystem:cordova",
        "cordova-ios",
        "cordova-android",
        "socket mobile"
      ],
      "license": "MIT",
      "dependencies": {
        "fs-extra": "7.0.0"
      },
      "scripts": {
        "test": "npm run jshint",
        "jshint": "node node_modules/jshint/bin/jshint www && node node_modules/jshint/bin/jshint src && node node_modules/jshint/bin/jshint tests",
        "build": "yarn init && cd inappbrowser && yarn addandroid && yarn addcapturesdk && yarn addinappbrowser && yarn copy",
        "init": "cordova create inappbrowser",
        "addandroid": "cordova platform add android@6.4",
        "addcapturesdk": "cordova plugins add https://github.com/cvanem/capturesdk-cordova",
        "addinappbrowser": "cordova plugins add cordova-plugin-inappbrowser",      
        "copy": "node copy",
        "clean": "node clean",
        "run": "cordova run android"
      },
      "author": "Chris Van Emmerik"    
    }

yarn manifest: 
  No manifest

Lockfile: 
  # THIS IS AN AUTOGENERATED FILE. DO NOT EDIT THIS FILE DIRECTLY.
  # yarn lockfile v1
  
  
  fs-extra@7.0.0:
    version "7.0.0"
    resolved "https://registry.yarnpkg.com/fs-extra/-/fs-extra-7.0.0.tgz#8cc3f47ce07ef7b3593a11b9fb245f7e34c041d6"
    dependencies:
      graceful-fs "^4.1.2"
      jsonfile "^4.0.0"
      universalify "^0.1.0"
  
  graceful-fs@^4.1.2, graceful-fs@^4.1.6:
    version "4.1.11"
    resolved "https://registry.yarnpkg.com/graceful-fs/-/graceful-fs-4.1.11.tgz#0e8bdfe4d1ddb8854d64e04ea7c00e2a026e5658"
  
  jsonfile@^4.0.0:
    version "4.0.0"
    resolved "https://registry.yarnpkg.com/jsonfile/-/jsonfile-4.0.0.tgz#8771aae0799b64076b76640fca058f9c10e33ecb"
    optionalDependencies:
      graceful-fs "^4.1.6"
  
  universalify@^0.1.0:
    version "0.1.2"
    resolved "https://registry.yarnpkg.com/universalify/-/universalify-0.1.2.tgz#b646f69be3942dabcecc9d6639c80dc105efaa66"
